#
# There is insufficient memory for the Java Runtime Environment to continue.
# Native memory allocation (malloc) failed to allocate 1237168 bytes for Chunk::new
# Possible reasons:
#   The system is out of physical RAM or swap space
#   In 32 bit mode, the process size limit was hit
# Possible solutions:
#   Reduce memory load on the system
#   Increase physical memory or swap space
#   Check if swap backing store is full
#   Use 64 bit Java on a 64 bit OS
#   Decrease Java heap size (-Xmx/-Xms)
#   Decrease number of Java threads
#   Decrease Java thread stack sizes (-Xss)
#   Set larger code cache with -XX:ReservedCodeCacheSize=
# This output file may be truncated or incomplete.
#
#  Out of Memory Error (allocation.cpp:390), pid=19448, tid=0x0000000000000954
#
# JRE version: Java(TM) SE Runtime Environment (8.0_121-b13) (build 1.8.0_121-b13)
# Java VM: Java HotSpot(TM) 64-Bit Server VM (25.121-b13 mixed mode windows-amd64 compressed oops)
# Failed to write core dump. Minidumps are not enabled by default on client versions of Windows
#

---------------  T H R E A D  ---------------

Current thread (0x000000001740e800):  JavaThread "C2 CompilerThread0" daemon [_thread_in_native, id=2388, stack(0x0000000018b60000,0x0000000018c60000)]

Stack: [0x0000000018b60000,0x0000000018c60000]
[error occurred during error reporting (printing stack bounds), id 0xc0000005]

Native frames: (J=compiled Java code, j=interpreted, Vv=VM code, C=native code)


Current CompileTask:
C2:  11954 3120       4       groovy.lang.MetaClassImpl::addMetaMethodToIndex (65 bytes)


---------------  P R O C E S S  ---------------

Java Threads: ( => current thread )
  0x000000001d753800 JavaThread "File lock request listener" [_thread_in_native, id=16052, stack(0x000000001f140000,0x000000001f240000)]
  0x000000001a35a800 JavaThread "Stdin handler" [_thread_blocked, id=18420, stack(0x000000001bad0000,0x000000001bbd0000)]
  0x000000001a351800 JavaThread "Daemon worker" [_thread_blocked, id=3332, stack(0x000000001b9d0000,0x000000001bad0000)]
  0x000000001a34d000 JavaThread "Cancel handler" [_thread_blocked, id=3464, stack(0x000000001b8d0000,0x000000001b9d0000)]
  0x000000001a085800 JavaThread "Handler for socket connection from /127.0.0.1:63899 to /127.0.0.1:63902" [_thread_in_native, id=9560, stack(0x000000001b7d0000,0x000000001b8d0000)]
  0x000000001a123000 JavaThread "Daemon" [_thread_blocked, id=8500, stack(0x000000001b6d0000,0x000000001b7d0000)]
  0x000000001a1ab800 JavaThread "Incoming local TCP Connector on port 63899" [_thread_in_native, id=12704, stack(0x0000000019c60000,0x0000000019d60000)]
  0x0000000018d67000 JavaThread "Service Thread" daemon [_thread_blocked, id=17360, stack(0x0000000019260000,0x0000000019360000)]
  0x0000000018d61000 JavaThread "C1 CompilerThread2" daemon [_thread_blocked, id=7448, stack(0x0000000019160000,0x0000000019260000)]
  0x0000000017411800 JavaThread "C2 CompilerThread1" daemon [_thread_in_native, id=13176, stack(0x0000000018c60000,0x0000000018d60000)]
=>0x000000001740e800 JavaThread "C2 CompilerThread0" daemon [_thread_in_native, id=2388, stack(0x0000000018b60000,0x0000000018c60000)]
  0x000000001740c800 JavaThread "Attach Listener" daemon [_thread_blocked, id=18412, stack(0x0000000018a60000,0x0000000018b60000)]
  0x000000001740b000 JavaThread "Signal Dispatcher" daemon [_thread_blocked, id=2568, stack(0x0000000018960000,0x0000000018a60000)]
  0x00000000173fa000 JavaThread "Finalizer" daemon [_thread_blocked, id=9616, stack(0x0000000018670000,0x0000000018770000)]
  0x0000000004d31000 JavaThread "Reference Handler" daemon [_thread_blocked, id=13568, stack(0x0000000018570000,0x0000000018670000)]
  0x0000000004c3e800 JavaThread "main" [_thread_blocked, id=16272, stack(0x0000000004b00000,0x0000000004c00000)]

Other Threads:
  0x00000000173d7800 VMThread [stack: 0x0000000018470000,0x0000000018570000] [id=15496]
  0x0000000018d7b000 WatcherThread [stack: 0x0000000019360000,0x0000000019460000] [id=13984]

VM state:at safepoint (normal execution)

VM Mutex/Monitor currently owned by a thread:  ([mutex/lock_event])
[0x0000000004c3dbe0] Threads_lock - owner thread: 0x00000000173d7800
[0x0000000004c3dee0] Heap_lock - owner thread: 0x000000001a351800

Heap:
 PSYoungGen      total 55808K, used 50355K [0x00000000eab00000, 0x00000000eed00000, 0x0000000100000000)
  eden space 46080K, 100% used [0x00000000eab00000,0x00000000ed800000,0x00000000ed800000)
  from space 9728K, 43% used [0x00000000ee380000,0x00000000ee7ace00,0x00000000eed00000)
  to   space 10752K, 28% used [0x00000000ed800000,0x00000000edb00010,0x00000000ee280000)
 ParOldGen       total 66560K, used 9309K [0x00000000c0000000, 0x00000000c4100000, 0x00000000eab00000)
  object space 66560K, 13% used [0x00000000c0000000,0x00000000c0917768,0x00000000c4100000)
 Metaspace       used 27615K, capacity 28074K, committed 28288K, reserved 1073152K
  class space    used 3751K, capacity 3873K, committed 3968K, reserved 1048576K

Card table byte_map: [0x0000000014100000,0x0000000014310000] byte_map_base: 0x0000000013b00000

Marking Bits: (ParMarkBitMap*) 0x0000000053dfb6d0
 Begin Bits: [0x0000000014870000, 0x0000000015870000)
 End Bits:   [0x0000000015870000, 0x0000000016870000)

Polling page: 0x00000000031d0000

CodeCache: size=245760Kb used=12066Kb max_used=12573Kb free=233693Kb
 bounds [0x0000000004d40000, 0x00000000059a0000, 0x0000000013d40000]
 total_blobs=3599 nmethods=2965 adapters=546
 compilation: enabled

Compilation events (10 events):
Event: 11.922 Thread 0x0000000018d61000 3170       3       groovyjarjarasm.asm.ByteVector::putShort (52 bytes)
Event: 11.923 Thread 0x0000000018d61000 nmethod 3170 0x0000000004e8ed10 code [0x0000000004e8ee80, 0x0000000004e8f0c8]
Event: 11.923 Thread 0x0000000018d61000 3171       3       groovyjarjarasm.asm.Item::<init> (66 bytes)
Event: 11.923 Thread 0x0000000018d61000 nmethod 3171 0x00000000050f7b50 code [0x00000000050f7cc0, 0x00000000050f7ef0]
Event: 11.923 Thread 0x0000000018d61000 3172       3       groovyjarjarasm.asm.ClassWriter::b (152 bytes)
Event: 11.924 Thread 0x0000000018d61000 nmethod 3172 0x000000000597c650 code [0x000000000597c820, 0x000000000597cf50]
Event: 11.924 Thread 0x0000000018d61000 3173       3       groovyjarjarasm.asm.ByteVector::b (64 bytes)
Event: 11.924 Thread 0x0000000018d61000 nmethod 3173 0x00000000050ecd50 code [0x00000000050ecec0, 0x00000000050ed148]
Event: 11.924 Thread 0x0000000018d61000 3174       3       groovyjarjarasm.asm.ClassWriter::newUTF8 (70 bytes)
Event: 11.925 Thread 0x0000000018d61000 nmethod 3174 0x0000000004e839d0 code [0x0000000004e83ba0, 0x0000000004e83ff8]

GC Heap History (10 events):
Event: 6.484 GC heap after
Heap after GC invocations=3 (full 0):
 PSYoungGen      total 38400K, used 5104K [0x00000000eab00000, 0x00000000ed580000, 0x0000000100000000)
  eden space 33280K, 0% used [0x00000000eab00000,0x00000000eab00000,0x00000000ecb80000)
  from space 5120K, 99% used [0x00000000ecb80000,0x00000000ed07c010,0x00000000ed080000)
  to   space 5120K, 0% used [0x00000000ed080000,0x00000000ed080000,0x00000000ed580000)
 ParOldGen       total 87552K, used 6155K [0x00000000c0000000, 0x00000000c5580000, 0x00000000eab00000)
  object space 87552K, 7% used [0x00000000c0000000,0x00000000c0602c58,0x00000000c5580000)
 Metaspace       used 19078K, capacity 19384K, committed 19584K, reserved 1067008K
  class space    used 2519K, capacity 2649K, committed 2688K, reserved 1048576K
}
Event: 7.861 GC heap before
{Heap before GC invocations=4 (full 0):
 PSYoungGen      total 38400K, used 28707K [0x00000000eab00000, 0x00000000ed580000, 0x0000000100000000)
  eden space 33280K, 70% used [0x00000000eab00000,0x00000000ec20cec8,0x00000000ecb80000)
  from space 5120K, 99% used [0x00000000ecb80000,0x00000000ed07c010,0x00000000ed080000)
  to   space 5120K, 0% used [0x00000000ed080000,0x00000000ed080000,0x00000000ed580000)
 ParOldGen       total 87552K, used 6155K [0x00000000c0000000, 0x00000000c5580000, 0x00000000eab00000)
  object space 87552K, 7% used [0x00000000c0000000,0x00000000c0602c58,0x00000000c5580000)
 Metaspace       used 20887K, capacity 21234K, committed 21296K, reserved 1067008K
  class space    used 2823K, capacity 2943K, committed 2944K, reserved 1048576K
Event: 7.928 GC heap after
Heap after GC invocations=4 (full 0):
 PSYoungGen      total 38400K, used 5088K [0x00000000eab00000, 0x00000000ef600000, 0x0000000100000000)
  eden space 33280K, 0% used [0x00000000eab00000,0x00000000eab00000,0x00000000ecb80000)
  from space 5120K, 99% used [0x00000000ed080000,0x00000000ed578020,0x00000000ed580000)
  to   space 5120K, 0% used [0x00000000ecb80000,0x00000000ecb80000,0x00000000ed080000)
 ParOldGen       total 87552K, used 9238K [0x00000000c0000000, 0x00000000c5580000, 0x00000000eab00000)
  object space 87552K, 10% used [0x00000000c0000000,0x00000000c0905948,0x00000000c5580000)
 Metaspace       used 20887K, capacity 21234K, committed 21296K, reserved 1067008K
  class space    used 2823K, capacity 2943K, committed 2944K, reserved 1048576K
}
Event: 7.928 GC heap before
{Heap before GC invocations=5 (full 1):
 PSYoungGen      total 38400K, used 5088K [0x00000000eab00000, 0x00000000ef600000, 0x0000000100000000)
  eden space 33280K, 0% used [0x00000000eab00000,0x00000000eab00000,0x00000000ecb80000)
  from space 5120K, 99% used [0x00000000ed080000,0x00000000ed578020,0x00000000ed580000)
  to   space 5120K, 0% used [0x00000000ecb80000,0x00000000ecb80000,0x00000000ed080000)
 ParOldGen       total 87552K, used 9238K [0x00000000c0000000, 0x00000000c5580000, 0x00000000eab00000)
  object space 87552K, 10% used [0x00000000c0000000,0x00000000c0905948,0x00000000c5580000)
 Metaspace       used 20887K, capacity 21234K, committed 21296K, reserved 1067008K
  class space    used 2823K, capacity 2943K, committed 2944K, reserved 1048576K
Event: 8.083 GC heap after
Heap after GC invocations=5 (full 1):
 PSYoungGen      total 38400K, used 0K [0x00000000eab00000, 0x00000000ef600000, 0x0000000100000000)
  eden space 33280K, 0% used [0x00000000eab00000,0x00000000eab00000,0x00000000ecb80000)
  from space 5120K, 0% used [0x00000000ed080000,0x00000000ed080000,0x00000000ed580000)
  to   space 5120K, 0% used [0x00000000ecb80000,0x00000000ecb80000,0x00000000ed080000)
 ParOldGen       total 66560K, used 9229K [0x00000000c0000000, 0x00000000c4100000, 0x00000000eab00000)
  object space 66560K, 13% used [0x00000000c0000000,0x00000000c0903758,0x00000000c4100000)
 Metaspace       used 20887K, capacity 21234K, committed 21296K, reserved 1067008K
  class space    used 2823K, capacity 2943K, committed 2944K, reserved 1048576K
}
Event: 9.190 GC heap before
{Heap before GC invocations=6 (full 1):
 PSYoungGen      total 38400K, used 33280K [0x00000000eab00000, 0x00000000ef600000, 0x0000000100000000)
  eden space 33280K, 100% used [0x00000000eab00000,0x00000000ecb80000,0x00000000ecb80000)
  from space 5120K, 0% used [0x00000000ed080000,0x00000000ed080000,0x00000000ed580000)
  to   space 5120K, 0% used [0x00000000ecb80000,0x00000000ecb80000,0x00000000ed080000)
 ParOldGen       total 66560K, used 9229K [0x00000000c0000000, 0x00000000c4100000, 0x00000000eab00000)
  object space 66560K, 13% used [0x00000000c0000000,0x00000000c0903758,0x00000000c4100000)
 Metaspace       used 23278K, capacity 23732K, committed 23936K, reserved 1069056K
  class space    used 3233K, capacity 3346K, committed 3456K, reserved 1048576K
Event: 9.197 GC heap after
Heap after GC invocations=6 (full 1):
 PSYoungGen      total 38400K, used 3729K [0x00000000eab00000, 0x00000000eee00000, 0x0000000100000000)
  eden space 33280K, 0% used [0x00000000eab00000,0x00000000eab00000,0x00000000ecb80000)
  from space 5120K, 72% used [0x00000000ecb80000,0x00000000ecf247a0,0x00000000ed080000)
  to   space 10752K, 0% used [0x00000000ee380000,0x00000000ee380000,0x00000000eee00000)
 ParOldGen       total 66560K, used 9229K [0x00000000c0000000, 0x00000000c4100000, 0x00000000eab00000)
  object space 66560K, 13% used [0x00000000c0000000,0x00000000c0903758,0x00000000c4100000)
 Metaspace       used 23278K, capacity 23732K, committed 23936K, reserved 1069056K
  class space    used 3233K, capacity 3346K, committed 3456K, reserved 1048576K
}
Event: 10.226 GC heap before
{Heap before GC invocations=7 (full 1):
 PSYoungGen      total 38400K, used 37009K [0x00000000eab00000, 0x00000000eee00000, 0x0000000100000000)
  eden space 33280K, 100% used [0x00000000eab00000,0x00000000ecb80000,0x00000000ecb80000)
  from space 5120K, 72% used [0x00000000ecb80000,0x00000000ecf247a0,0x00000000ed080000)
  to   space 10752K, 0% used [0x00000000ee380000,0x00000000ee380000,0x00000000eee00000)
 ParOldGen       total 66560K, used 9229K [0x00000000c0000000, 0x00000000c4100000, 0x00000000eab00000)
  object space 66560K, 13% used [0x00000000c0000000,0x00000000c0903758,0x00000000c4100000)
 Metaspace       used 26671K, capacity 27142K, committed 27392K, reserved 1073152K
  class space    used 3651K, capacity 3797K, committed 3840K, reserved 1048576K
Event: 10.236 GC heap after
Heap after GC invocations=7 (full 1):
 PSYoungGen      total 55808K, used 4275K [0x00000000eab00000, 0x00000000eed00000, 0x0000000100000000)
  eden space 46080K, 0% used [0x00000000eab00000,0x00000000eab00000,0x00000000ed800000)
  from space 9728K, 43% used [0x00000000ee380000,0x00000000ee7ace00,0x00000000eed00000)
  to   space 10752K, 0% used [0x00000000ed800000,0x00000000ed800000,0x00000000ee280000)
 ParOldGen       total 66560K, used 9301K [0x00000000c0000000, 0x00000000c4100000, 0x00000000eab00000)
  object space 66560K, 13% used [0x00000000c0000000,0x00000000c0915768,0x00000000c4100000)
 Metaspace       used 26671K, capacity 27142K, committed 27392K, reserved 1073152K
  class space    used 3651K, capacity 3797K, committed 3840K, reserved 1048576K
}
Event: 11.935 GC heap before
{Heap before GC invocations=8 (full 1):
 PSYoungGen      total 55808K, used 50355K [0x00000000eab00000, 0x00000000eed00000, 0x0000000100000000)
  eden space 46080K, 100% used [0x00000000eab00000,0x00000000ed800000,0x00000000ed800000)
  from space 9728K, 43% used [0x00000000ee380000,0x00000000ee7ace00,0x00000000eed00000)
  to   space 10752K, 0% used [0x00000000ed800000,0x00000000ed800000,0x00000000ee280000)
 ParOldGen       total 66560K, used 9301K [0x00000000c0000000, 0x00000000c4100000, 0x00000000eab00000)
  object space 66560K, 13% used [0x00000000c0000000,0x00000000c0915768,0x00000000c4100000)
 Metaspace       used 27615K, capacity 28074K, committed 28288K, reserved 1073152K
  class space    used 3751K, capacity 3873K, committed 3968K, reserved 1048576K

Deoptimization events (10 events):
Event: 10.935 Thread 0x000000001a351800 Uncommon trap: reason=unstable_if action=reinterpret pc=0x000000000580f2bc method=com.sun.org.apache.xerces.internal.impl.XMLDocumentFragmentScannerImpl$FragmentContentDriver.next()I @ 823
Event: 11.547 Thread 0x000000001a351800 Uncommon trap: reason=unstable_if action=reinterpret pc=0x00000000056330b4 method=groovy.lang.MetaClassImpl$1MOPIter.processFastArray(Lorg/codehaus/groovy/util/FastArray;)V @ 85
Event: 11.754 Thread 0x000000001a351800 Uncommon trap: reason=unstable_if action=reinterpret pc=0x000000000558f20c method=org.codehaus.groovy.reflection.CachedMethod.compareToMethod(Ljava/lang/reflect/Method;)I @ 111
Event: 11.874 Thread 0x000000001a351800 Uncommon trap: reason=unstable_if action=reinterpret pc=0x000000000594fd7c method=com.esotericsoftware.kryo.io.Output.writeString(Ljava/lang/CharSequence;)V @ 1
Event: 11.895 Thread 0x000000001a351800 Uncommon trap: reason=unstable_if action=reinterpret pc=0x000000000582c804 method=java.util.HashMap.removeNode(ILjava/lang/Object;Ljava/lang/Object;ZZ)Ljava/util/HashMap$Node; @ 173
Event: 11.934 Thread 0x000000001a351800 Uncommon trap: reason=unstable_if action=reinterpret pc=0x0000000004eb3e6c method=java.util.HashMap.removeNode(ILjava/lang/Object;Ljava/lang/Object;ZZ)Ljava/util/HashMap$Node; @ 173
Event: 11.934 Thread 0x000000001a351800 Uncommon trap: reason=bimorphic action=maybe_recompile pc=0x00000000056018e4 method=java.lang.ClassLoader.getPackage(Ljava/lang/String;)Ljava/lang/Package; @ 47
Event: 11.934 Thread 0x000000001a351800 Uncommon trap: reason=bimorphic action=maybe_recompile pc=0x00000000056018e4 method=java.lang.ClassLoader.getPackage(Ljava/lang/String;)Ljava/lang/Package; @ 47
Event: 11.934 Thread 0x000000001a351800 Uncommon trap: reason=bimorphic action=maybe_recompile pc=0x00000000056018e4 method=java.lang.ClassLoader.getPackage(Ljava/lang/String;)Ljava/lang/Package; @ 47
Event: 11.935 Thread 0x000000001a351800 Uncommon trap: reason=bimorphic action=maybe_recompile pc=0x00000000056018e4 method=java.lang.ClassLoader.getPackage(Ljava/lang/String;)Ljava/lang/Package; @ 47

Internal exceptions (10 events):
Event: 11.772 Thread 0x000000001a351800 Exception <a 'java/lang/ClassNotFoundException': org/gradle/util/ConfigurableCustomizer> (0x00000000ed44ce78) thrown at [C:\re\workspace\8-2-build-windows-amd64-cygwin\jdk8u121\8372\hotspot\src\share\vm\classfile\systemDictionary.cpp, line 210]
Event: 11.786 Thread 0x000000001a351800 Exception <a 'java/lang/ClassNotFoundException': org/gradle/api/ScriptBeanInfo> (0x00000000ed552848) thrown at [C:\re\workspace\8-2-build-windows-amd64-cygwin\jdk8u121\8372\hotspot\src\share\vm\classfile\systemDictionary.cpp, line 210]
Event: 11.787 Thread 0x000000001a351800 Exception <a 'java/lang/ClassNotFoundException': org/gradle/api/ScriptCustomizer> (0x00000000ed56daf0) thrown at [C:\re\workspace\8-2-build-windows-amd64-cygwin\jdk8u121\8372\hotspot\src\share\vm\classfile\systemDictionary.cpp, line 210]
Event: 11.874 Thread 0x000000001a351800 Implicit null exception at 0x000000000594fab0 to 0x000000000594fd69
Event: 11.918 Thread 0x000000001a351800 Exception <a 'java/lang/ClassNotFoundException': build_3wgurcquhgevq6noh65cufymlBeanInfo> (0x00000000ed6b5338) thrown at [C:\re\workspace\8-2-build-windows-amd64-cygwin\jdk8u121\8372\hotspot\src\share\vm\classfile\systemDictionary.cpp, line 210]
Event: 11.919 Thread 0x000000001a351800 Exception <a 'java/lang/ClassNotFoundException': build_3wgurcquhgevq6noh65cufymlCustomizer> (0x00000000ed6c3d48) thrown at [C:\re\workspace\8-2-build-windows-amd64-cygwin\jdk8u121\8372\hotspot\src\share\vm\classfile\systemDictionary.cpp, line 210]
Event: 11.927 Thread 0x000000001a351800 Exception <a 'java/lang/ClassNotFoundException': org/gradle/api/internal/plugins/DefaultObjectConfigurationActionBeanInfo> (0x00000000ed724590) thrown at [C:\re\workspace\8-2-build-windows-amd64-cygwin\jdk8u121\8372\hotspot\src\share\vm\classfile\systemDi
Event: 11.928 Thread 0x000000001a351800 Exception <a 'java/lang/ClassNotFoundException': org/gradle/api/internal/plugins/DefaultObjectConfigurationActionCustomizer> (0x00000000ed74f8c8) thrown at [C:\re\workspace\8-2-build-windows-amd64-cygwin\jdk8u121\8372\hotspot\src\share\vm\classfile\system
Event: 11.930 Thread 0x000000001a351800 Exception <a 'java/lang/ClassNotFoundException': org/gradle/api/plugins/ObjectConfigurationActionBeanInfo> (0x00000000ed788c80) thrown at [C:\re\workspace\8-2-build-windows-amd64-cygwin\jdk8u121\8372\hotspot\src\share\vm\classfile\systemDictionary.cpp, li
Event: 11.931 Thread 0x000000001a351800 Exception <a 'java/lang/ClassNotFoundException': org/gradle/api/plugins/ObjectConfigurationActionCustomizer> (0x00000000ed7ad390) thrown at [C:\re\workspace\8-2-build-windows-amd64-cygwin\jdk8u121\8372\hotspot\src\share\vm\classfile\systemDictionary.cpp, 

Events (10 events):
Event: 11.934 Thread 0x000000001a351800 Uncommon trap: trap_request=0xffffffc6 fr.pc=0x00000000056018e4
Event: 11.934 Thread 0x000000001a351800 DEOPT PACKING pc=0x00000000056018e4 sp=0x000000001bacb7c0
Event: 11.934 Thread 0x000000001a351800 DEOPT UNPACKING pc=0x0000000004d8582a sp=0x000000001bacb7b0 mode 2
Event: 11.934 Thread 0x000000001a351800 Uncommon trap: trap_request=0xffffffc6 fr.pc=0x00000000056018e4
Event: 11.935 Thread 0x000000001a351800 DEOPT PACKING pc=0x00000000056018e4 sp=0x000000001bacb6d0
Event: 11.935 Thread 0x000000001a351800 DEOPT UNPACKING pc=0x0000000004d8582a sp=0x000000001bacb6c0 mode 2
Event: 11.935 Thread 0x000000001a351800 Uncommon trap: trap_request=0xffffffc6 fr.pc=0x00000000056018e4
Event: 11.935 Thread 0x000000001a351800 DEOPT PACKING pc=0x00000000056018e4 sp=0x000000001bacb6d0
Event: 11.935 Thread 0x000000001a351800 DEOPT UNPACKING pc=0x0000000004d8582a sp=0x000000001bacb6b0 mode 2
Event: 11.935 Executing VM operation: ParallelGCFailedAllocation


Dynamic libraries:
0x00007ff653780000 - 0x00007ff6537b7000 	C:\Program Files\Java\jdk1.8.0_121\bin\java.exe
0x00007ffc77480000 - 0x00007ffc77660000 	C:\WINDOWS\SYSTEM32\ntdll.dll
0x00007ffc76fe0000 - 0x00007ffc7708e000 	C:\WINDOWS\System32\KERNEL32.DLL
0x00007ffc73cf0000 - 0x00007ffc73f56000 	C:\WINDOWS\System32\KERNELBASE.dll
0x0000000054980000 - 0x0000000054a12000 	C:\WINDOWS\System32\SYSFER.DLL
0x00007ffc773a0000 - 0x00007ffc77441000 	C:\WINDOWS\System32\ADVAPI32.dll
0x00007ffc76160000 - 0x00007ffc761fd000 	C:\WINDOWS\System32\msvcrt.dll
0x00007ffc76090000 - 0x00007ffc760eb000 	C:\WINDOWS\System32\sechost.dll
0x00007ffc76ec0000 - 0x00007ffc76fdf000 	C:\WINDOWS\System32\RPCRT4.dll
0x00007ffc764f0000 - 0x00007ffc7667f000 	C:\WINDOWS\System32\USER32.dll
0x00007ffc74930000 - 0x00007ffc74950000 	C:\WINDOWS\System32\win32u.dll
0x00007ffc74c20000 - 0x00007ffc74c48000 	C:\WINDOWS\System32\GDI32.dll
0x00007ffc73880000 - 0x00007ffc73a13000 	C:\WINDOWS\System32\gdi32full.dll
0x00007ffc747c0000 - 0x00007ffc7485b000 	C:\WINDOWS\System32\msvcp_win.dll
0x00007ffc73bf0000 - 0x00007ffc73ce6000 	C:\WINDOWS\System32\ucrtbase.dll
0x00007ffc65570000 - 0x00007ffc657d9000 	C:\WINDOWS\WinSxS\amd64_microsoft.windows.common-controls_6595b64144ccf1df_6.0.16299.371_none_15c7d1789365a290\COMCTL32.dll
0x00007ffc77090000 - 0x00007ffc77398000 	C:\WINDOWS\System32\combase.dll
0x00007ffc748b0000 - 0x00007ffc74922000 	C:\WINDOWS\System32\bcryptPrimitives.dll
0x00007ffc76e90000 - 0x00007ffc76ebd000 	C:\WINDOWS\System32\IMM32.DLL
0x0000000053e80000 - 0x0000000053f52000 	C:\Program Files\Java\jdk1.8.0_121\jre\bin\msvcr100.dll
0x00000000535e0000 - 0x0000000053e7b000 	C:\Program Files\Java\jdk1.8.0_121\jre\bin\server\jvm.dll
0x00007ffc76150000 - 0x00007ffc76158000 	C:\WINDOWS\System32\PSAPI.DLL
0x00007ffc72480000 - 0x00007ffc72489000 	C:\WINDOWS\SYSTEM32\WSOCK32.dll
0x00007ffc76480000 - 0x00007ffc764ec000 	C:\WINDOWS\System32\WS2_32.dll
0x00007ffc70510000 - 0x00007ffc70533000 	C:\WINDOWS\SYSTEM32\WINMM.dll
0x00007ffc63090000 - 0x00007ffc6309a000 	C:\WINDOWS\SYSTEM32\VERSION.dll
0x00007ffc704b0000 - 0x00007ffc704da000 	C:\WINDOWS\SYSTEM32\WINMMBASE.dll
0x00007ffc74860000 - 0x00007ffc748aa000 	C:\WINDOWS\System32\cfgmgr32.dll
0x0000000054130000 - 0x000000005413f000 	C:\Program Files\Java\jdk1.8.0_121\jre\bin\verify.dll
0x00000000535b0000 - 0x00000000535d9000 	C:\Program Files\Java\jdk1.8.0_121\jre\bin\java.dll
0x0000000054110000 - 0x0000000054126000 	C:\Program Files\Java\jdk1.8.0_121\jre\bin\zip.dll
0x00007ffc74c50000 - 0x00007ffc76086000 	C:\WINDOWS\System32\SHELL32.dll
0x00007ffc76c80000 - 0x00007ffc76d26000 	C:\WINDOWS\System32\shcore.dll
0x00007ffc73f60000 - 0x00007ffc746a7000 	C:\WINDOWS\System32\windows.storage.dll
0x00007ffc74bc0000 - 0x00007ffc74c11000 	C:\WINDOWS\System32\shlwapi.dll
0x00007ffc737f0000 - 0x00007ffc73801000 	C:\WINDOWS\System32\kernel.appcore.dll
0x00007ffc73830000 - 0x00007ffc7387c000 	C:\WINDOWS\System32\powrprof.dll
0x00007ffc737d0000 - 0x00007ffc737eb000 	C:\WINDOWS\System32\profapi.dll
0x0000000053580000 - 0x000000005359a000 	C:\Program Files\Java\jdk1.8.0_121\jre\bin\net.dll
0x00007ffc73000000 - 0x00007ffc73066000 	C:\WINDOWS\system32\mswsock.dll
0x0000000053560000 - 0x0000000053571000 	C:\Program Files\Java\jdk1.8.0_121\jre\bin\nio.dll
0x00007ffc5fc60000 - 0x00007ffc5fc72000 	C:\Users\Divya\.gradle\native\19\windows-amd64\native-platform.dll
0x00007ffc72d90000 - 0x00007ffc72dc9000 	C:\WINDOWS\SYSTEM32\IPHLPAPI.DLL
0x00007ffc76780000 - 0x00007ffc76788000 	C:\WINDOWS\System32\NSI.dll
0x00007ffc6c360000 - 0x00007ffc6c376000 	C:\WINDOWS\SYSTEM32\dhcpcsvc6.DLL
0x00007ffc6c7c0000 - 0x00007ffc6c7da000 	C:\WINDOWS\SYSTEM32\dhcpcsvc.DLL
0x00007ffc731c0000 - 0x00007ffc731d7000 	C:\WINDOWS\SYSTEM32\CRYPTSP.dll
0x00007ffc72c00000 - 0x00007ffc72c33000 	C:\WINDOWS\system32\rsaenh.dll
0x00007ffc732d0000 - 0x00007ffc732f5000 	C:\WINDOWS\SYSTEM32\bcrypt.dll
0x00007ffc73700000 - 0x00007ffc73729000 	C:\WINDOWS\SYSTEM32\USERENV.dll
0x00007ffc731e0000 - 0x00007ffc731eb000 	C:\WINDOWS\SYSTEM32\CRYPTBASE.dll

VM Arguments:
jvm_args: -XX:MaxPermSize=256m -XX:+HeapDumpOnOutOfMemoryError -Xmx1024m -Dfile.encoding=windows-1252 -Duser.country=US -Duser.language=en -Duser.variant 
java_command: org.gradle.launcher.daemon.bootstrap.GradleDaemon 2.10
java_class_path (initial): C:\software\android-studio\gradle\gradle-2.10\lib\gradle-launcher-2.10.jar
Launcher Type: SUN_STANDARD

Environment Variables:
JAVA_HOME=C:\Program Files\Java\jdk1.8.0_121
PATH=C:\ProgramData\Oracle\Java\javapath;C:\Program Files (x86)\Intel\iCLS Client\;C:\Program Files\Intel\iCLS Client\;C:\WINDOWS\system32;C:\WINDOWS;C:\WINDOWS\System32\Wbem;C:\WINDOWS\System32\WindowsPowerShell\v1.0\;C:\Program Files (x86)\Intel\Intel(R) Management Engine Components\DAL;C:\Program Files\Intel\Intel(R) Management Engine Components\DAL;C:\Program Files (x86)\Intel\Intel(R) Management Engine Components\IPT;C:\Program Files\Intel\Intel(R) Management Engine Components\IPT;C:\Program Files\TortoiseGit\bin;C:\Program Files\Java\jdk1.8.0_121\bin;D:\apacheMaven\bin;C:\Program Files\Intel\WiFi\bin\;C:\Program Files\Common Files\Intel\WirelessCommon\;C:\Program Files (x86)\CrSSL\bin;C:\Program Files\nodejs\;C:\Program Files (x86)\Intel\iCLS Client\;C:\Program Files\Intel\iCLS Client\;C:\Windows\system32;C:\Windows;C:\Windows\System32\Wbem;C:\Windows\System32\WindowsPowerShell\v1.0\;C:\Program Files (x86)\Intel\Intel(R) Management Engine Components\DAL;C:\Program Files\Intel\Intel(R) Management Engine Components\DAL;C:\Program Files (x86)\Intel\Intel(R) Management Engine Components\IPT;C:\Program Files\Intel\Intel(R) Management Engine Components\IPT;C:\Program Files\Intel\WiFi\bin\;C:\Program Files\Common Files\Intel\WirelessCommon\;C:\Users\Divya\AppData\Local\Microsoft\WindowsApps;C:\Users\Divya\AppData\Roaming\npm
USERNAME=Divya
OS=Windows_NT
PROCESSOR_IDENTIFIER=Intel64 Family 6 Model 78 Stepping 3, GenuineIntel



---------------  S Y S T E M  ---------------

OS: Windows 10.0 , 64 bit Build 16299 (10.0.16299.15)

CPU:total 4 (2 cores per cpu, 2 threads per core) family 6 model 78 stepping 3, cmov, cx8, fxsr, mmx, sse, sse2, sse3, ssse3, sse4.1, sse4.2, popcnt, avx, avx2, aes, clmul, erms, 3dnowpref, lzcnt, ht, tsc, tscinvbit, bmi1, bmi2, adx

Memory: 4k page, physical 8268744k(461300k free), swap 24095812k(5312k free)

vm_info: Java HotSpot(TM) 64-Bit Server VM (25.121-b13) for windows-amd64 JRE (1.8.0_121-b13), built on Dec 12 2016 18:21:36 by "java_re" with MS VC++ 10.0 (VS2010)

time: Fri Feb 01 15:00:33 2019
elapsed time: 11 seconds (0d 0h 0m 11s)

